build/app/outputs/mapping/release/mapping.txt
# compiler: R8
# compiler_version: 1.5.64
# min_api: 16
# pg_map_id: 515fd93
...
com.google.firebase.auth.TwitterAuthProvider -> com.google.firebase.auth.h0:
    com.google.firebase.auth.AuthCredential getCredential(java.lang.String,java.lang.String) -> a
com.google.firebase.auth.UserInfo -> com.google.firebase.auth.i0:
    java.lang.String getProviderId() -> a
    android.net.Uri getPhotoUrl() -> f
    java.lang.String getEmail() -> g
    java.lang.String getDisplayName() -> h
    java.lang.String getPhoneNumber() -> i
    java.lang.String getUid() -> j
    boolean isEmailVerified() -> k
com.google.firebase.auth.UserProfileChangeRequest -> com.google.firebase.auth.j0:
    java.lang.String zza -> a
    java.lang.String zzb -> b
    boolean zzc -> c
    boolean zzd -> d
    java.lang.String getDisplayName() -> h
com.google.firebase.auth.UserProfileChangeRequest$Builder -> com.google.firebase.auth.j0$a:
    java.lang.String zza -> a
    android.net.Uri zzb -> b
    boolean zzc -> c
    boolean zzd -> d
    com.google.firebase.auth.UserProfileChangeRequest build() -> a
    com.google.firebase.auth.UserProfileChangeRequest$Builder setDisplayName(java.lang.String) -> a
    com.google.firebase.auth.UserProfileChangeRequest$Builder setPhotoUri(android.net.Uri) -> a
com.google.firebase.auth.api.internal.zzal -> com.google.firebase.auth.k0.a.a:
    com.google.android.gms.common.api.GoogleApi zza -> a
    com.google.android.gms.common.api.GoogleApi zzb -> b
    com.google.firebase.auth.api.internal.zzas zzc -> c
com.google.firebase.auth.api.internal.zzam -> com.google.firebase.auth.k0.a.b:
    com.google.firebase.auth.api.internal.zzal zzb -> a
    com.google.android.gms.common.logging.Logger zza -> b
    com.google.android.gms.common.api.GoogleApi zza(java.lang.String) -> a
    com.google.android.gms.tasks.Task zza(com.google.firebase.auth.api.internal.zzap) -> a
    java.util.concurrent.Future zza() -> a
    com.google.android.gms.tasks.Task zzb() -> b
    com.google.android.gms.tasks.Task zzb(com.google.firebase.auth.api.internal.zzap) -> b
    com.google.firebase.auth.api.internal.zzal zzc() -> c
com.google.firebase.auth.api.internal.zzan -> com.google.firebase.auth.k0.a.c:
    java.util.Map zzc -> c
    int zzb -> b
    int zza -> a
    boolean zza() -> a
    boolean zza(java.lang.String) -> a
com.google.firebase.auth.api.internal.zzao -> com.google.firebase.auth.k0.a.d:
    boolean zza -> a
    com.google.firebase.auth.api.internal.zzao zza() -> c
com.google.firebase.auth.api.internal.zzap -> com.google.firebase.auth.k0.a.e:
    java.lang.String zza() -> a
    com.google.firebase.auth.api.internal.zzap zzc() -> b
    com.google.android.gms.common.api.internal.TaskApiCall zzb() -> c
    com.google.firebase.auth.api.internal.zzap zzd() -> d
com.google.firebase.auth.api.internal.zzaq -> com.google.firebase.auth.k0.a.f:
com.google.firebase.auth.api.internal.zzas -> com.google.firebase.auth.k0.a.g:
    boolean zza(java.lang.String) -> a
com.google.firebase.auth.api.internal.zzat -> com.google.firebase.auth.k0.a.h:
    com.google.firebase.auth.api.internal.zzau zzb -> b
    com.google.firebase.auth.api.internal.zzap zza -> a
    java.lang.Object then(com.google.android.gms.tasks.Task) -> a